<?xml version="1.0" encoding="UTF-8"?>
<!-- Generated by org.testng.reporters.JUnitReportReporter -->
<testsuite hostname="SBWL-ARAJGURU" failures="0" tests="1" name="TestFramework.LoginTest" time="1.707" errors="0" timestamp="2021-07-15T18:36:36 IST" skipped="0">
  <testcase classname="TestFramework.LoginTest" name="ClickOnResetPassword" time="1.707"/>
  <system-out/>
</testsuite> <!-- TestFramework.LoginTest -->
