<?xml version="1.0" encoding="UTF-8"?>
<!-- Generated by org.testng.reporters.JUnitReportReporter -->
<testsuite hostname="SBWL-ARAJGURU" failures="0" tests="1" name="TestFramework.Practise1.HomePage" time="8.170" errors="0" timestamp="2021-05-29T23:22:58 IST" skipped="0">
  <testcase classname="TestFramework.Practise1.HomePage" name="basePageNavigation" time="8.170"/>
  <system-out/>
</testsuite> <!-- TestFramework.Practise1.HomePage -->
