<?xml version="1.0" encoding="UTF-8"?>
<!-- Generated by org.testng.reporters.JUnitReportReporter -->
<testsuite hostname="SBWL-ARAJGURU" failures="0" tests="1" name="TestFramework.HomePageTests" time="0.034" errors="0" timestamp="2021-07-15T18:35:09 IST" skipped="0">
  <testcase classname="TestFramework.HomePageTests" name="basePageNavigation" time="0.034"/>
  <system-out/>
</testsuite> <!-- TestFramework.HomePageTests -->
