<?xml version="1.0" encoding="UTF-8"?>
<!-- Generated by org.testng.reporters.JUnitReportReporter -->
<testsuite hostname="SBWL-ARAJGURU" failures="0" tests="1" name="TestFramework.Practise1.NavigationBarTests" time="0.051" errors="0" timestamp="2021-06-05T18:15:51 IST" skipped="0">
  <testcase classname="TestFramework.Practise1.NavigationBarTests" name="validateNavigationBar" time="0.051"/>
  <system-out/>
</testsuite> <!-- TestFramework.Practise1.NavigationBarTests -->
