<?xml version="1.0" encoding="UTF-8"?>
<!-- Generated by org.testng.reporters.JUnitReportReporter -->
<testsuite hostname="SBWL-ARAJGURU" failures="0" tests="1" name="TestFramework.NavigationBarTests" time="0.044" errors="0" timestamp="2021-07-15T13:49:00 IST" skipped="0">
  <testcase classname="TestFramework.NavigationBarTests" name="validateNavigationBar" time="0.044"/>
  <system-out/>
</testsuite> <!-- TestFramework.NavigationBarTests -->
